<?xml version="1.0" encoding="UTF-8"?>
<testng-results skipped="1" failed="0" total="1" passed="0">
  <reporter-output>
  </reporter-output>
  <suite name="Default suite" duration-ms="190998" started-at="2019-04-11T01:04:13Z" finished-at="2019-04-11T01:07:24Z">
    <groups>
    </groups>
    <test name="Default test" duration-ms="190998" started-at="2019-04-11T01:04:13Z" finished-at="2019-04-11T01:07:24Z">
      <class name="com.appium.test4">
        <test-method status="FAIL" signature="startTest()[pri:0, instance:com.appium.test4@61ef8774]" name="startTest" is-config="true" duration-ms="0" started-at="2019-04-11T09:04:13Z" finished-at="2019-04-11T09:04:13Z">
          <exception class="org.openqa.selenium.SessionNotCreatedException">
            <message>
              <![CDATA[A new session could not be created. (Original error: An operation did not complete before its timeout expired. (Original error: timeout: Adb command timed out after 30 seconds
  (Driver info: chromedriver=2.18.343845 (73dd713ba7fbfb73cbb514e62641d8c96a94682a),platform=Windows NT 6.1 SP1 x86_64))) (WARNING: The server did not provide any stacktrace information)
Command duration or timeout: 190.67 seconds
Build info: version: '2.42.2', revision: '6a6995d', time: '2014-06-03 17:42:30'
System info: host: 'PC-20180706CTHN', ip: '10.8.210.234', os.name: 'Windows 7', os.arch: 'amd64', os.version: '6.1', java.version: '1.7.0_80'
Driver info: io.appium.java_client.android.AndroidDriver]]>
            </message>
            <full-stacktrace>
              <![CDATA[org.openqa.selenium.SessionNotCreatedException: A new session could not be created. (Original error: An operation did not complete before its timeout expired. (Original error: timeout: Adb command timed out after 30 seconds
  (Driver info: chromedriver=2.18.343845 (73dd713ba7fbfb73cbb514e62641d8c96a94682a),platform=Windows NT 6.1 SP1 x86_64))) (WARNING: The server did not provide any stacktrace information)
Command duration or timeout: 190.67 seconds
Build info: version: '2.42.2', revision: '6a6995d', time: '2014-06-03 17:42:30'
System info: host: 'PC-20180706CTHN', ip: '10.8.210.234', os.name: 'Windows 7', os.arch: 'amd64', os.version: '6.1', java.version: '1.7.0_80'
Driver info: io.appium.java_client.android.AndroidDriver
	at sun.reflect.NativeConstructorAccessorImpl.newInstance0(Native Method)
	at sun.reflect.NativeConstructorAccessorImpl.newInstance(NativeConstructorAccessorImpl.java:57)
	at sun.reflect.DelegatingConstructorAccessorImpl.newInstance(DelegatingConstructorAccessorImpl.java:45)
	at java.lang.reflect.Constructor.newInstance(Constructor.java:526)
	at org.openqa.selenium.remote.ErrorHandler.createThrowable(ErrorHandler.java:204)
	at org.openqa.selenium.remote.ErrorHandler.throwIfResponseFailed(ErrorHandler.java:156)
	at org.openqa.selenium.remote.RemoteWebDriver.execute(RemoteWebDriver.java:599)
	at io.appium.java_client.AppiumDriver.execute(AppiumDriver.java:180)
	at org.openqa.selenium.remote.RemoteWebDriver.startSession(RemoteWebDriver.java:240)
	at org.openqa.selenium.remote.RemoteWebDriver.<init>(RemoteWebDriver.java:126)
	at org.openqa.selenium.remote.RemoteWebDriver.<init>(RemoteWebDriver.java:153)
	at io.appium.java_client.AppiumDriver.<init>(AppiumDriver.java:109)
	at io.appium.java_client.android.AndroidDriver.<init>(AndroidDriver.java:39)
	at com.appium.test4.startTest(test4.java:33)
	at sun.reflect.NativeMethodAccessorImpl.invoke0(Native Method)
	at sun.reflect.NativeMethodAccessorImpl.invoke(NativeMethodAccessorImpl.java:57)
	at sun.reflect.DelegatingMethodAccessorImpl.invoke(DelegatingMethodAccessorImpl.java:43)
	at java.lang.reflect.Method.invoke(Method.java:606)
	at org.testng.internal.MethodInvocationHelper.invokeMethod(MethodInvocationHelper.java:84)
	at org.testng.internal.Invoker.invokeConfigurationMethod(Invoker.java:564)
	at org.testng.internal.Invoker.invokeConfigurations(Invoker.java:213)
	at org.testng.internal.Invoker.invokeConfigurations(Invoker.java:138)
	at org.testng.internal.TestMethodWorker.invokeBeforeClassMethods(TestMethodWorker.java:175)
	at org.testng.internal.TestMethodWorker.run(TestMethodWorker.java:107)
	at org.testng.TestRunner.privateRun(TestRunner.java:767)
	at org.testng.TestRunner.run(TestRunner.java:617)
	at org.testng.SuiteRunner.runTest(SuiteRunner.java:334)
	at org.testng.SuiteRunner.runSequentially(SuiteRunner.java:329)
	at org.testng.SuiteRunner.privateRun(SuiteRunner.java:291)
	at org.testng.SuiteRunner.run(SuiteRunner.java:240)
	at org.testng.SuiteRunnerWorker.runSuite(SuiteRunnerWorker.java:52)
	at org.testng.SuiteRunnerWorker.run(SuiteRunnerWorker.java:86)
	at org.testng.TestNG.runSuitesSequentially(TestNG.java:1224)
	at org.testng.TestNG.runSuitesLocally(TestNG.java:1149)
	at org.testng.TestNG.run(TestNG.java:1057)
	at org.testng.remote.RemoteTestNG.run(RemoteTestNG.java:111)
	at org.testng.remote.RemoteTestNG.initAndRun(RemoteTestNG.java:204)
	at org.testng.remote.RemoteTestNG.main(RemoteTestNG.java:175)
]]>
            </full-stacktrace>
          </exception> <!-- org.openqa.selenium.SessionNotCreatedException -->
          <reporter-output>
          </reporter-output>
        </test-method> <!-- startTest -->
        <test-method status="SKIP" signature="addContact()[pri:0, instance:com.appium.test4@61ef8774]" name="addContact" duration-ms="1" started-at="2019-04-11T09:07:24Z" finished-at="2019-04-11T09:07:24Z">
          <reporter-output>
          </reporter-output>
        </test-method> <!-- addContact -->
        <test-method status="SKIP" signature="afterClass()[pri:0, instance:com.appium.test4@61ef8774]" name="afterClass" is-config="true" duration-ms="0" started-at="2019-04-11T09:07:24Z" finished-at="2019-04-11T09:07:24Z">
          <reporter-output>
          </reporter-output>
        </test-method> <!-- afterClass -->
      </class> <!-- com.appium.test4 -->
    </test> <!-- Default test -->
  </suite> <!-- Default suite -->
</testng-results>
